2024-11-19 21:58:03,269 - INFO - Task Processor is now waiting for jobs...
2024-11-19 21:58:15,175 - INFO - Task Processor is now waiting for jobs...
2024-11-19 21:58:37,483 - INFO - Received job 24a09df2-a43f-494d-a282-572ee5b6b951 of type subtract
2024-11-19 21:58:37,623 - INFO - Received job 39e451e4-6f7f-4040-9667-e08fa6f1f50a of type subtract
2024-11-19 21:58:45,544 - INFO - Shutting down worker...
2024-11-19 21:58:52,500 - INFO - Job 24a09df2-a43f-494d-a282-572ee5b6b951 of type subtract completed successfully with result: 1.0
2024-11-19 21:58:52,503 - INFO - Received job 4033ebac-1686-4388-a7c7-42bcce233e02 of type subtract
2024-11-19 21:59:07,520 - INFO - Job 4033ebac-1686-4388-a7c7-42bcce233e02 of type subtract completed successfully with result: 1.0
2024-11-19 21:59:07,521 - INFO - Received job 4c89e193-d049-4a03-bf2e-5983d7f63446 of type subtract
2024-11-19 21:59:22,525 - INFO - Job 4c89e193-d049-4a03-bf2e-5983d7f63446 of type subtract completed successfully with result: 1.0
2024-11-19 21:59:22,526 - INFO - Received job 31ca1a48-60cb-4bbe-9af3-88cf80e117a2 of type subtract
2024-11-19 21:59:37,542 - INFO - Job 31ca1a48-60cb-4bbe-9af3-88cf80e117a2 of type subtract completed successfully with result: 1.0
2024-11-19 21:59:37,543 - INFO - Received job d33f7c23-5a68-491d-b0c4-039b4ade55a5 of type subtract
2024-11-19 21:59:52,559 - INFO - Job d33f7c23-5a68-491d-b0c4-039b4ade55a5 of type subtract completed successfully with result: 1.0
2024-11-19 21:59:52,559 - INFO - Received job b802062f-bf39-4945-ad24-f2294811c20b of type subtract
2024-11-19 22:00:07,572 - INFO - Job b802062f-bf39-4945-ad24-f2294811c20b of type subtract completed successfully with result: 1.0
2024-11-19 22:00:39,838 - INFO - Received job 4915e95e-2536-41b8-a44d-4bb8e1438f0c of type add
2024-11-19 22:00:44,844 - INFO - Job 4915e95e-2536-41b8-a44d-4bb8e1438f0c of type add completed successfully with result: 2.0
2024-11-19 22:00:44,850 - INFO - Received job a16b4289-f9fa-4c84-8db5-1ddf50ed3463 of type add
2024-11-19 22:00:49,857 - INFO - Job a16b4289-f9fa-4c84-8db5-1ddf50ed3463 of type add completed successfully with result: 2.0
2024-11-19 22:00:49,858 - INFO - Received job c02b7a3d-338e-42ee-84f6-64b159229605 of type add
2024-11-19 22:00:54,864 - INFO - Job c02b7a3d-338e-42ee-84f6-64b159229605 of type add completed successfully with result: 2.0
2024-11-19 22:00:54,865 - INFO - Received job 2e25b940-ae86-4a96-8762-ed78b6e0751c of type add
2024-11-19 22:00:59,871 - INFO - Job 2e25b940-ae86-4a96-8762-ed78b6e0751c of type add completed successfully with result: 2.0
2024-11-19 22:00:59,872 - INFO - Received job f9847203-121c-490e-88bf-ceb4410195b7 of type multiply
2024-11-19 22:01:04,878 - INFO - Job f9847203-121c-490e-88bf-ceb4410195b7 of type multiply completed successfully with result: 1.0
2024-11-19 22:01:04,879 - INFO - Received job 4c89e193-d049-4a03-bf2e-5983d7f63446 of type subtract
2024-11-19 22:01:19,896 - INFO - Job 4c89e193-d049-4a03-bf2e-5983d7f63446 of type subtract completed successfully with result: 1.0
2024-11-19 22:01:19,897 - INFO - Received job ff79e200-9a4d-4910-9b1e-78e44cdba6ed of type add
2024-11-19 22:01:24,904 - INFO - Job ff79e200-9a4d-4910-9b1e-78e44cdba6ed of type add completed successfully with result: 2.0
2024-11-19 22:01:24,905 - INFO - Received job f358c5fc-3550-4711-ac5f-201a45ac2b04 of type add
2024-11-19 22:01:29,911 - INFO - Job f358c5fc-3550-4711-ac5f-201a45ac2b04 of type add completed successfully with result: 2.0
2024-11-19 22:01:29,912 - INFO - Received job e60e4a0c-51c1-4841-8160-4ec842a6c1fb of type add
2024-11-19 22:01:34,918 - INFO - Job e60e4a0c-51c1-4841-8160-4ec842a6c1fb of type add completed successfully with result: 2.0
2024-11-19 22:01:34,919 - INFO - Received job 0123d261-9d7e-418a-b373-c5e33b860abc of type multiply
2024-11-19 22:01:39,922 - INFO - Job 0123d261-9d7e-418a-b373-c5e33b860abc of type multiply completed successfully with result: 1.0
2024-11-19 22:01:39,923 - INFO - Received job 49b6ad10-fc2b-4bb5-9c62-f9f0c04d6b2d of type multiply
2024-11-19 22:01:44,929 - INFO - Job 49b6ad10-fc2b-4bb5-9c62-f9f0c04d6b2d of type multiply completed successfully with result: 1.0
2024-11-19 22:01:44,930 - INFO - Received job 4b61dd36-8182-4edd-8b1c-7736639bd476 of type add
2024-11-19 22:01:49,934 - INFO - Job 4b61dd36-8182-4edd-8b1c-7736639bd476 of type add completed successfully with result: 2.0
2024-11-19 22:01:49,935 - INFO - Received job 1302c429-8416-4fc7-964f-4b62525c1ae8 of type subtract
2024-11-19 22:02:04,950 - INFO - Job 1302c429-8416-4fc7-964f-4b62525c1ae8 of type subtract completed successfully with result: 1.0
2024-11-19 22:02:04,951 - INFO - Received job af47cd3e-d794-4ddd-86cb-532f677889ea of type add
2024-11-19 22:02:09,957 - INFO - Job af47cd3e-d794-4ddd-86cb-532f677889ea of type add completed successfully with result: 2.0
2024-11-19 22:02:09,958 - INFO - Received job 62a9ff68-39f1-4228-ad1b-ae231b84623e of type multiply
2024-11-19 22:02:11,410 - INFO - Shutting down worker...
2024-11-19 22:09:58,277 - INFO - Task Processor is now waiting for jobs...
2024-11-19 22:10:01,735 - INFO - Task Processor is now waiting for jobs...
2024-11-19 22:10:20,091 - INFO - Received job de39a909-0f62-4fc4-9bfa-9870c963df8a of type subtract
2024-11-19 22:10:20,263 - INFO - Received job d0a57d97-ca81-4bdb-bf89-f83ef7c7c447 of type subtract
2024-11-19 22:10:26,168 - INFO - Shutting down worker...
2024-11-19 22:10:35,279 - INFO - Job d0a57d97-ca81-4bdb-bf89-f83ef7c7c447 of type subtract completed successfully with result: 16.0
2024-11-19 22:10:35,281 - INFO - Received job b8b1a67c-af89-4019-ab28-eae12481c0a3 of type subtract
2024-11-19 22:10:50,297 - INFO - Job b8b1a67c-af89-4019-ab28-eae12481c0a3 of type subtract completed successfully with result: 16.0
2024-11-19 22:10:50,297 - INFO - Received job 04380711-7725-4670-b348-e9f3fba22316 of type subtract
2024-11-19 22:11:05,306 - INFO - Job 04380711-7725-4670-b348-e9f3fba22316 of type subtract completed successfully with result: 16.0
2024-11-19 22:11:05,307 - INFO - Received job cebaa491-9c00-452a-b63b-92b543bd7866 of type subtract
2024-11-19 22:11:08,263 - INFO - Shutting down worker...
2024-11-19 22:11:20,721 - INFO - Task Processor is now waiting for jobs...
2024-11-19 22:11:23,376 - INFO - Task Processor is now waiting for jobs...
2024-11-19 22:11:34,232 - INFO - Received job 9d452c93-739e-488e-b62a-cc5dbd63cc87 of type subtract
2024-11-19 22:11:34,413 - INFO - Received job 183c4482-c139-402f-a653-7e7ca96e5081 of type subtract
2024-11-19 22:11:40,996 - INFO - Shutting down worker...
2024-11-19 22:11:49,429 - INFO - Job 183c4482-c139-402f-a653-7e7ca96e5081 of type subtract completed successfully with result: 16.0
2024-11-19 22:11:49,431 - INFO - Received job 940738e3-c1ae-47f6-b37b-b0e6189b1ff5 of type subtract
2024-11-19 22:12:04,438 - INFO - Job 940738e3-c1ae-47f6-b37b-b0e6189b1ff5 of type subtract completed successfully with result: 16.0
2024-11-19 22:12:04,440 - INFO - Received job 0c1bf873-f79a-4b82-81ad-91d36deda3cb of type subtract
2024-11-19 22:12:19,452 - INFO - Job 0c1bf873-f79a-4b82-81ad-91d36deda3cb of type subtract completed successfully with result: 16.0
2024-11-19 22:12:19,454 - INFO - Received job 6afee483-8d12-4471-a1b7-8a71dc0fa50d of type subtract
2024-11-19 22:12:34,470 - INFO - Job 6afee483-8d12-4471-a1b7-8a71dc0fa50d of type subtract completed successfully with result: 16.0
2024-11-19 22:13:05,675 - INFO - Received job 940738e3-c1ae-47f6-b37b-b0e6189b1ff5 of type subtract
2024-11-19 22:13:20,692 - INFO - Job 940738e3-c1ae-47f6-b37b-b0e6189b1ff5 of type subtract completed successfully with result: 16.0
2024-11-19 22:13:20,694 - INFO - Received job 6afee483-8d12-4471-a1b7-8a71dc0fa50d of type subtract
2024-11-19 22:13:35,710 - INFO - Job 6afee483-8d12-4471-a1b7-8a71dc0fa50d of type subtract completed successfully with result: 16.0
2024-11-19 22:13:35,712 - INFO - Received job 0c1bf873-f79a-4b82-81ad-91d36deda3cb of type subtract
2024-11-19 22:13:50,725 - INFO - Job 0c1bf873-f79a-4b82-81ad-91d36deda3cb of type subtract completed successfully with result: 16.0
2024-11-19 22:13:50,726 - INFO - Received job 183c4482-c139-402f-a653-7e7ca96e5081 of type subtract
2024-11-19 22:14:05,742 - INFO - Job 183c4482-c139-402f-a653-7e7ca96e5081 of type subtract completed successfully with result: 16.0
2024-11-19 22:14:05,743 - INFO - Received job 0c037fba-5abc-48d7-a7cd-0284f17b2a92 of type subtract
2024-11-19 22:14:20,749 - INFO - Job 0c037fba-5abc-48d7-a7cd-0284f17b2a92 of type subtract completed successfully with result: 16.0
2024-11-19 22:14:20,750 - INFO - Received job f82b29ad-c062-4196-bb70-1b8dcacb77d1 of type subtract
2024-11-19 22:14:35,767 - INFO - Job f82b29ad-c062-4196-bb70-1b8dcacb77d1 of type subtract completed successfully with result: 16.0
2024-11-19 22:14:35,768 - INFO - Received job 9d452c93-739e-488e-b62a-cc5dbd63cc87 of type subtract
2024-11-19 22:14:50,784 - INFO - Job 9d452c93-739e-488e-b62a-cc5dbd63cc87 of type subtract completed successfully with result: 16.0
2024-11-19 22:14:50,785 - INFO - Received job 3ec4c048-251f-4324-9bd0-3af598d540b9 of type subtract
2024-11-19 22:15:05,801 - INFO - Job 3ec4c048-251f-4324-9bd0-3af598d540b9 of type subtract completed successfully with result: 16.0
2024-11-19 22:18:26,129 - INFO - Shutting down worker...
2024-11-19 23:25:49,227 - INFO - Task Processor is now waiting for jobs...
2024-11-19 23:25:51,904 - INFO - Task Processor is now waiting for jobs...
2024-11-19 23:26:11,521 - INFO - Received job c9b3b665-0d7e-4afe-aca6-2688351934d7 of type subtract
2024-11-19 23:26:11,947 - INFO - Received job bdbe8b3c-42b1-41a7-a91c-391f274c32bb of type subtract
2024-11-19 23:26:14,918 - INFO - Shutting down worker...
2024-11-19 23:26:26,538 - INFO - Job c9b3b665-0d7e-4afe-aca6-2688351934d7 of type subtract completed successfully with result: 1.0
2024-11-19 23:26:33,363 - INFO - Received job c9b3b665-0d7e-4afe-aca6-2688351934d7 of type subtract
2024-11-19 23:26:48,379 - INFO - Job c9b3b665-0d7e-4afe-aca6-2688351934d7 of type subtract completed successfully with result: 1.0
2024-11-19 23:26:48,381 - INFO - Received job bdbe8b3c-42b1-41a7-a91c-391f274c32bb of type subtract
2024-11-19 23:26:59,085 - INFO - Shutting down worker...
2024-11-19 23:29:56,086 - INFO - Task Processor is now waiting for jobs...
2024-11-19 23:29:57,706 - INFO - Task Processor is now waiting for jobs...
2024-11-19 23:30:07,551 - INFO - Received job de0af524-776a-49c4-8d31-60ef4e3307bc of type subtract
2024-11-19 23:30:07,798 - INFO - Received job ff0db331-b40e-46f4-82cf-31b197876ec0 of type subtract
2024-11-19 23:30:10,488 - INFO - Shutting down worker...
2024-11-19 23:30:22,564 - INFO - Job de0af524-776a-49c4-8d31-60ef4e3307bc of type subtract completed successfully with result: 1.0
2024-11-19 23:30:29,120 - INFO - Received job de0af524-776a-49c4-8d31-60ef4e3307bc of type subtract
2024-11-19 23:30:44,136 - INFO - Job de0af524-776a-49c4-8d31-60ef4e3307bc of type subtract completed successfully with result: 1.0
2024-11-19 23:30:44,138 - INFO - Received job ff0db331-b40e-46f4-82cf-31b197876ec0 of type subtract
2024-11-19 23:30:59,144 - INFO - Job ff0db331-b40e-46f4-82cf-31b197876ec0 of type subtract completed successfully with result: 1.0
2024-11-19 23:32:24,140 - INFO - Shutting down worker...
2024-11-19 23:32:29,321 - INFO - Task Processor is now waiting for jobs...
2024-11-19 23:32:31,298 - INFO - Task Processor is now waiting for jobs...
2024-11-19 23:32:42,339 - INFO - Received job 06f6c719-a749-4ee0-9f3f-9a15f89d88a5 of type subtract
2024-11-19 23:32:42,497 - INFO - Received job 0d49b1ba-ebff-413f-9bf1-4d33816c2e1f of type subtract
2024-11-19 23:32:45,328 - INFO - Shutting down worker...
2024-11-19 23:32:57,356 - INFO - Job 06f6c719-a749-4ee0-9f3f-9a15f89d88a5 of type subtract completed successfully with result: 1.0
2024-11-19 23:33:14,185 - INFO - Received job 06f6c719-a749-4ee0-9f3f-9a15f89d88a5 of type subtract
2024-11-19 23:33:29,202 - INFO - Job 06f6c719-a749-4ee0-9f3f-9a15f89d88a5 of type subtract completed successfully with result: 1.0
2024-11-19 23:33:29,204 - INFO - Received job 0d49b1ba-ebff-413f-9bf1-4d33816c2e1f of type subtract
2024-11-19 23:33:43,818 - INFO - Shutting down worker...
2024-11-19 23:36:44,543 - INFO - Task Processor is now waiting for jobs...
2024-11-19 23:36:46,098 - INFO - Task Processor is now waiting for jobs...
2024-11-19 23:37:18,477 - INFO - Shutting down worker...
2024-11-19 23:37:20,260 - INFO - Shutting down worker...
2024-11-19 23:37:29,931 - INFO - Task Processor is now waiting for jobs...
2024-11-19 23:37:33,123 - INFO - Task Processor is now waiting for jobs...
2024-11-19 23:37:36,468 - INFO - Received job cd072ed8-b505-49a8-b176-f13c4903e5ad of type subtract
2024-11-19 23:37:38,030 - INFO - Received job 2371a587-1bc6-47ac-b5f2-6a41645d80f4 of type subtract
2024-11-19 23:37:40,938 - INFO - Shutting down worker...
2024-11-19 23:37:53,046 - INFO - Job 2371a587-1bc6-47ac-b5f2-6a41645d80f4 of type subtract completed successfully with result: 1.0
2024-11-19 23:37:58,743 - INFO - Received job cd072ed8-b505-49a8-b176-f13c4903e5ad of type subtract
2024-11-19 23:38:13,753 - INFO - Job cd072ed8-b505-49a8-b176-f13c4903e5ad of type subtract completed successfully with result: 1.0
